<?xml version="1.0" encoding="UTF-8"?>
<!-- Generated by org.testng.reporters.JUnitReportReporter -->
<testsuite hostname="DESKTOP-O653DLE" failures="0" tests="1" name="TestNgdemos.paramClass" time="0.014" errors="0" timestamp="2023-02-14T12:12:55 IST" skipped="0">
  <testcase classname="TestNgdemos.paramClass" name="Method1" time="0.014"/>
  <system-out/>
</testsuite> <!-- TestNgdemos.paramClass -->
