<?xml version="1.0" encoding="UTF-8"?>
<!-- Generated by org.testng.reporters.JUnitReportReporter -->
<testsuite hostname="PureBook-S14" failures="0" tests="2" name="TestNgdemos.TestInvocationCountDemo" time="0.006" errors="0" timestamp="2023-05-11T11:07:26 IST" skipped="1">
  <testcase classname="TestNgdemos.TestInvocationCountDemo" name="Method1" time="0.006"/>
  <system-out/>
  <testcase classname="TestNgdemos.TestInvocationCountDemo" name="Method2">
    <skipped/>
  </testcase> <!-- Method2 -->
  <system-out/>
</testsuite> <!-- TestNgdemos.TestInvocationCountDemo -->
