<?xml version="1.0" encoding="UTF-8"?>
<!-- Generated by org.testng.reporters.JUnitReportReporter -->
<testsuite hostname="yoganand" failures="0" tests="4" name="TestNgdemos.TestClassDemo" time="0.015" errors="0" timestamp="2022-08-18T18:17:18 IST" skipped="0">
  <testcase classname="TestNgdemos.TestClassDemo" name="method2" time="0.005"/>
  <system-out/>
  <testcase classname="TestNgdemos.TestClassDemo" name="method4" time="0.001"/>
  <system-out/>
  <testcase classname="TestNgdemos.TestClassDemo" name="method3" time="0.000"/>
  <system-out/>
  <testcase classname="TestNgdemos.TestClassDemo" name="method1" time="0.009"/>
  <system-out/>
</testsuite> <!-- TestNgdemos.TestClassDemo -->
