<?xml version="1.0" encoding="UTF-8"?>
<!-- Generated by org.testng.reporters.JUnitReportReporter -->
<testsuite hostname="DESKTOP-O653DLE" failures="0" tests="4" name="TestNgdemos.Ignore_TestDemo" time="0.041" errors="0" timestamp="2022-09-23T19:46:47 IST" skipped="1">
  <testcase classname="TestNgdemos.Ignore_TestDemo" name="testDrintMessage" time="0.007"/>
  <system-out/>
  <testcase classname="TestNgdemos.Ignore_TestDemo" name="testDLMessage" time="0.005"/>
  <system-out/>
  <testcase classname="TestNgdemos.Ignore_TestDemo" name="TestMethod" time="0.029"/>
  <system-out/>
  <testcase classname="TestNgdemos.Ignore_TestDemo" name="testNalutationMessage">
    <skipped/>
  </testcase> <!-- testNalutationMessage -->
  <system-out/>
</testsuite> <!-- TestNgdemos.Ignore_TestDemo -->
