<?xml version="1.0" encoding="UTF-8"?>
<!-- Generated by org.testng.reporters.JUnitReportReporter -->
<testsuite hostname="DESKTOP-O653DLE" failures="0" tests="1" name="TestNgdemos.loginTestng" time="20.934" errors="0" timestamp="2022-12-02T10:42:43 IST" skipped="0">
  <testcase classname="TestNgdemos.loginTestng" name="login" time="20.934"/>
  <system-out/>
</testsuite> <!-- TestNgdemos.loginTestng -->
