<?xml version="1.0" encoding="UTF-8"?>
<!-- Generated by org.testng.reporters.JUnitReportReporter -->
<testsuite hostname="PureBook-S14" failures="0" tests="2" name="TestNgdemos.TestngAnnotations_demo" time="1.905" errors="0" timestamp="2023-05-11T10:59:52 IST" skipped="0">
  <testcase classname="TestNgdemos.TestngAnnotations_demo" name="loginTestcase" time="1.904"/>
  <system-out/>
  <testcase classname="TestNgdemos.TestngAnnotations_demo" name="testCase2" time="0.001"/>
  <system-out/>
</testsuite> <!-- TestNgdemos.TestngAnnotations_demo -->
