<?xml version="1.0" encoding="UTF-8"?>
<!-- Generated by org.testng.reporters.JUnitReportReporter -->
<testsuite hostname="DESKTOP-O653DLE" failures="0" tests="4" name="TestNgdemos.demoClass" time="0.022" errors="0" timestamp="2022-12-06T19:49:06 IST" skipped="0">
  <testcase classname="TestNgdemos.demoClass" name="testmethod14" time="0.002"/>
  <system-out/>
  <testcase classname="TestNgdemos.demoClass" name="testmethod13" time="0.002"/>
  <system-out/>
  <testcase classname="TestNgdemos.demoClass" name="testmethod12" time="0.004"/>
  <system-out/>
  <testcase classname="TestNgdemos.demoClass" name="testmethod1" time="0.014"/>
  <system-out/>
</testsuite> <!-- TestNgdemos.demoClass -->
