<?xml version="1.0" encoding="UTF-8"?>
<!-- Generated by org.testng.reporters.JUnitReportReporter -->
<testsuite hostname="DESKTOP-O653DLE" failures="0" tests="3" name="TestNgdemos.dataProviderDemo" time="0.014" errors="0" timestamp="2023-02-03T05:57:49 IST" skipped="0">
  <testcase classname="TestNgdemos.dataProviderDemo" name="setData" time="0.002"/>
  <system-out/>
  <testcase classname="TestNgdemos.dataProviderDemo" name="setData" time="0.009"/>
  <system-out/>
  <testcase classname="TestNgdemos.dataProviderDemo" name="setData" time="0.003"/>
  <system-out/>
</testsuite> <!-- TestNgdemos.dataProviderDemo -->
