<?xml version="1.0" encoding="UTF-8"?>
<!-- Generated by org.testng.reporters.JUnitReportReporter -->
<testsuite hostname="DESKTOP-O653DLE" failures="0" tests="6" name="testngSpecial.testSP" time="0.067" errors="0" timestamp="2023-02-02T22:37:52 IST" skipped="0">
  <testcase classname="testngSpecial.testSP" name="Method_four" time="0.004"/>
  <system-out/>
  <testcase classname="testngSpecial.testSP" name="Method_two" time="0.017"/>
  <system-out/>
  <testcase classname="testngSpecial.testSP" name="Method_one" time="0.003"/>
  <system-out/>
  <testcase classname="testngSpecial.testSP" name="Method_Three" time="0.006"/>
  <system-out/>
  <testcase classname="testngSpecial.testSP" name="Login_Method" time="0.023"/>
  <system-out/>
  <testcase classname="testngSpecial.testSP" name="RegMethod" time="0.014"/>
  <system-out/>
</testsuite> <!-- testngSpecial.testSP -->
