<?xml version="1.0" encoding="UTF-8"?>
<!-- Generated by org.testng.reporters.JUnitReportReporter -->
<testsuite hostname="DESKTOP-O653DLE" failures="0" tests="102" name="TestNgdemos.testNgDemo" time="0.621" errors="0" timestamp="2022-09-14T15:21:48 IST" skipped="0">
  <testcase classname="TestNgdemos.testNgDemo" name="test3" time="0.002"/>
  <system-out/>
  <testcase classname="TestNgdemos.testNgDemo" name="test3" time="0.012"/>
  <system-out/>
  <testcase classname="TestNgdemos.testNgDemo" name="test3" time="0.001"/>
  <system-out/>
  <testcase classname="TestNgdemos.testNgDemo" name="test3" time="0.019"/>
  <system-out/>
  <testcase classname="TestNgdemos.testNgDemo" name="test3" time="0.002"/>
  <system-out/>
  <testcase classname="TestNgdemos.testNgDemo" name="test3" time="0.002"/>
  <system-out/>
  <testcase classname="TestNgdemos.testNgDemo" name="test3" time="0.007"/>
  <system-out/>
  <testcase classname="TestNgdemos.testNgDemo" name="test3" time="0.006"/>
  <system-out/>
  <testcase classname="TestNgdemos.testNgDemo" name="test3" time="0.007"/>
  <system-out/>
  <testcase classname="TestNgdemos.testNgDemo" name="test3" time="0.002"/>
  <system-out/>
  <testcase classname="TestNgdemos.testNgDemo" name="test1" time="0.013"/>
  <system-out/>
  <testcase classname="TestNgdemos.testNgDemo" name="test3" time="0.003"/>
  <system-out/>
  <testcase classname="TestNgdemos.testNgDemo" name="test3" time="0.003"/>
  <system-out/>
  <testcase classname="TestNgdemos.testNgDemo" name="test3" time="0.019"/>
  <system-out/>
  <testcase classname="TestNgdemos.testNgDemo" name="test3" time="0.002"/>
  <system-out/>
  <testcase classname="TestNgdemos.testNgDemo" name="test3" time="0.004"/>
  <system-out/>
  <testcase classname="TestNgdemos.testNgDemo" name="test3" time="0.004"/>
  <system-out/>
  <testcase classname="TestNgdemos.testNgDemo" name="test3" time="0.001"/>
  <system-out/>
  <testcase classname="TestNgdemos.testNgDemo" name="test2" time="0.008"/>
  <system-out/>
  <testcase classname="TestNgdemos.testNgDemo" name="test3" time="0.001"/>
  <system-out/>
  <testcase classname="TestNgdemos.testNgDemo" name="test3" time="0.001"/>
  <system-out/>
  <testcase classname="TestNgdemos.testNgDemo" name="test3" time="0.004"/>
  <system-out/>
  <testcase classname="TestNgdemos.testNgDemo" name="test3" time="0.015"/>
  <system-out/>
  <testcase classname="TestNgdemos.testNgDemo" name="test3" time="0.009"/>
  <system-out/>
  <testcase classname="TestNgdemos.testNgDemo" name="test3" time="0.001"/>
  <system-out/>
  <testcase classname="TestNgdemos.testNgDemo" name="test3" time="0.002"/>
  <system-out/>
  <testcase classname="TestNgdemos.testNgDemo" name="test3" time="0.001"/>
  <system-out/>
  <testcase classname="TestNgdemos.testNgDemo" name="test3" time="0.003"/>
  <system-out/>
  <testcase classname="TestNgdemos.testNgDemo" name="test3" time="0.001"/>
  <system-out/>
  <testcase classname="TestNgdemos.testNgDemo" name="test3" time="0.007"/>
  <system-out/>
  <testcase classname="TestNgdemos.testNgDemo" name="test3" time="0.008"/>
  <system-out/>
  <testcase classname="TestNgdemos.testNgDemo" name="test3" time="0.001"/>
  <system-out/>
  <testcase classname="TestNgdemos.testNgDemo" name="test3" time="0.006"/>
  <system-out/>
  <testcase classname="TestNgdemos.testNgDemo" name="test3" time="0.013"/>
  <system-out/>
  <testcase classname="TestNgdemos.testNgDemo" name="test3" time="0.009"/>
  <system-out/>
  <testcase classname="TestNgdemos.testNgDemo" name="test3" time="0.001"/>
  <system-out/>
  <testcase classname="TestNgdemos.testNgDemo" name="test3" time="0.003"/>
  <system-out/>
  <testcase classname="TestNgdemos.testNgDemo" name="test3" time="0.001"/>
  <system-out/>
  <testcase classname="TestNgdemos.testNgDemo" name="test3" time="0.003"/>
  <system-out/>
  <testcase classname="TestNgdemos.testNgDemo" name="test3" time="0.003"/>
  <system-out/>
  <testcase classname="TestNgdemos.testNgDemo" name="test3" time="0.001"/>
  <system-out/>
  <testcase classname="TestNgdemos.testNgDemo" name="test3" time="0.007"/>
  <system-out/>
  <testcase classname="TestNgdemos.testNgDemo" name="test3" time="0.004"/>
  <system-out/>
  <testcase classname="TestNgdemos.testNgDemo" name="test3" time="0.000"/>
  <system-out/>
  <testcase classname="TestNgdemos.testNgDemo" name="test3" time="0.018"/>
  <system-out/>
  <testcase classname="TestNgdemos.testNgDemo" name="test3" time="0.001"/>
  <system-out/>
  <testcase classname="TestNgdemos.testNgDemo" name="test3" time="0.002"/>
  <system-out/>
  <testcase classname="TestNgdemos.testNgDemo" name="test3" time="0.006"/>
  <system-out/>
  <testcase classname="TestNgdemos.testNgDemo" name="test3" time="0.003"/>
  <system-out/>
  <testcase classname="TestNgdemos.testNgDemo" name="test3" time="0.002"/>
  <system-out/>
  <testcase classname="TestNgdemos.testNgDemo" name="test3" time="0.002"/>
  <system-out/>
  <testcase classname="TestNgdemos.testNgDemo" name="test3" time="0.001"/>
  <system-out/>
  <testcase classname="TestNgdemos.testNgDemo" name="test3" time="0.001"/>
  <system-out/>
  <testcase classname="TestNgdemos.testNgDemo" name="test3" time="0.003"/>
  <system-out/>
  <testcase classname="TestNgdemos.testNgDemo" name="test3" time="0.002"/>
  <system-out/>
  <testcase classname="TestNgdemos.testNgDemo" name="test3" time="0.026"/>
  <system-out/>
  <testcase classname="TestNgdemos.testNgDemo" name="test3" time="0.001"/>
  <system-out/>
  <testcase classname="TestNgdemos.testNgDemo" name="test3" time="0.005"/>
  <system-out/>
  <testcase classname="TestNgdemos.testNgDemo" name="test3" time="0.005"/>
  <system-out/>
  <testcase classname="TestNgdemos.testNgDemo" name="test3" time="0.010"/>
  <system-out/>
  <testcase classname="TestNgdemos.testNgDemo" name="test3" time="0.008"/>
  <system-out/>
  <testcase classname="TestNgdemos.testNgDemo" name="test3" time="0.001"/>
  <system-out/>
  <testcase classname="TestNgdemos.testNgDemo" name="test3" time="0.001"/>
  <system-out/>
  <testcase classname="TestNgdemos.testNgDemo" name="test3" time="0.003"/>
  <system-out/>
  <testcase classname="TestNgdemos.testNgDemo" name="test3" time="0.001"/>
  <system-out/>
  <testcase classname="TestNgdemos.testNgDemo" name="test3" time="0.001"/>
  <system-out/>
  <testcase classname="TestNgdemos.testNgDemo" name="test3" time="0.001"/>
  <system-out/>
  <testcase classname="TestNgdemos.testNgDemo" name="test3" time="0.000"/>
  <system-out/>
  <testcase classname="TestNgdemos.testNgDemo" name="test3" time="0.003"/>
  <system-out/>
  <testcase classname="TestNgdemos.testNgDemo" name="test3" time="0.005"/>
  <system-out/>
  <testcase classname="TestNgdemos.testNgDemo" name="test3" time="0.001"/>
  <system-out/>
  <testcase classname="TestNgdemos.testNgDemo" name="test3" time="0.002"/>
  <system-out/>
  <testcase classname="TestNgdemos.testNgDemo" name="test3" time="0.010"/>
  <system-out/>
  <testcase classname="TestNgdemos.testNgDemo" name="test3" time="0.011"/>
  <system-out/>
  <testcase classname="TestNgdemos.testNgDemo" name="test3" time="0.001"/>
  <system-out/>
  <testcase classname="TestNgdemos.testNgDemo" name="test3" time="0.003"/>
  <system-out/>
  <testcase classname="TestNgdemos.testNgDemo" name="test3" time="0.036"/>
  <system-out/>
  <testcase classname="TestNgdemos.testNgDemo" name="test3" time="0.001"/>
  <system-out/>
  <testcase classname="TestNgdemos.testNgDemo" name="test3" time="0.001"/>
  <system-out/>
  <testcase classname="TestNgdemos.testNgDemo" name="test3" time="0.007"/>
  <system-out/>
  <testcase classname="TestNgdemos.testNgDemo" name="test3" time="0.008"/>
  <system-out/>
  <testcase classname="TestNgdemos.testNgDemo" name="test3" time="0.002"/>
  <system-out/>
  <testcase classname="TestNgdemos.testNgDemo" name="test3" time="0.001"/>
  <system-out/>
  <testcase classname="TestNgdemos.testNgDemo" name="test3" time="0.033"/>
  <system-out/>
  <testcase classname="TestNgdemos.testNgDemo" name="test3" time="0.003"/>
  <system-out/>
  <testcase classname="TestNgdemos.testNgDemo" name="test3" time="0.016"/>
  <system-out/>
  <testcase classname="TestNgdemos.testNgDemo" name="test3" time="0.002"/>
  <system-out/>
  <testcase classname="TestNgdemos.testNgDemo" name="test3" time="0.003"/>
  <system-out/>
  <testcase classname="TestNgdemos.testNgDemo" name="test3" time="0.119"/>
  <system-out/>
  <testcase classname="TestNgdemos.testNgDemo" name="test3" time="0.003"/>
  <system-out/>
  <testcase classname="TestNgdemos.testNgDemo" name="test3" time="0.001"/>
  <system-out/>
  <testcase classname="TestNgdemos.testNgDemo" name="test3" time="0.001"/>
  <system-out/>
  <testcase classname="TestNgdemos.testNgDemo" name="test3" time="0.002"/>
  <system-out/>
  <testcase classname="TestNgdemos.testNgDemo" name="test3" time="0.002"/>
  <system-out/>
  <testcase classname="TestNgdemos.testNgDemo" name="test3" time="0.004"/>
  <system-out/>
  <testcase classname="TestNgdemos.testNgDemo" name="test3" time="0.004"/>
  <system-out/>
  <testcase classname="TestNgdemos.testNgDemo" name="test3" time="0.001"/>
  <system-out/>
  <testcase classname="TestNgdemos.testNgDemo" name="test3" time="0.002"/>
  <system-out/>
  <testcase classname="TestNgdemos.testNgDemo" name="test3" time="0.001"/>
  <system-out/>
  <testcase classname="TestNgdemos.testNgDemo" name="test3" time="0.001"/>
  <system-out/>
  <testcase classname="TestNgdemos.testNgDemo" name="test3" time="0.003"/>
  <system-out/>
  <testcase classname="TestNgdemos.testNgDemo" name="test3" time="0.002"/>
  <system-out/>
</testsuite> <!-- TestNgdemos.testNgDemo -->
