<?xml version="1.0" encoding="UTF-8"?>
<!-- Generated by org.testng.reporters.JUnitReportReporter -->
<testsuite hostname="DESKTOP-O653DLE" failures="0" tests="1" name="dropdownDemo.hiddenDropdowns" time="62.880" errors="0" timestamp="2022-11-19T14:51:57 IST" skipped="0">
  <testcase classname="dropdownDemo.hiddenDropdowns" name="handleHiddenDropdown" time="62.880"/>
  <system-out/>
</testsuite> <!-- dropdownDemo.hiddenDropdowns -->
