<?xml version="1.0" encoding="UTF-8"?>
<!-- Generated by org.testng.reporters.JUnitReportReporter -->
<testsuite hostname="DESKTOP-O653DLE" failures="0" tests="2" name="TestNgdemos.testNgDemo2" time="0.023" errors="0" timestamp="2022-12-07T19:41:54 IST" skipped="0">
  <testcase classname="TestNgdemos.testNgDemo2" name="Method2" time="0.005"/>
  <system-out/>
  <testcase classname="TestNgdemos.testNgDemo2" name="Method1" time="0.018"/>
  <system-out/>
</testsuite> <!-- TestNgdemos.testNgDemo2 -->
