<?xml version="1.0" encoding="UTF-8"?>
<!-- Generated by org.testng.reporters.JUnitReportReporter -->
<testsuite hostname="DESKTOP-O653DLE" failures="0" tests="7" name="TestNgdemos.demoTestNG" time="0.029" errors="0" timestamp="2022-12-02T10:31:39 IST" skipped="0">
  <testcase classname="TestNgdemos.demoTestNG" name="method1" time="0.005"/>
  <system-out/>
  <testcase classname="TestNgdemos.demoTestNG" name="method2" time="0.002"/>
  <system-out/>
  <testcase classname="TestNgdemos.demoTestNG" name="method3" time="0.003"/>
  <system-out/>
  <testcase classname="TestNgdemos.demoTestNG" name="method1" time="0.003"/>
  <system-out/>
  <testcase classname="TestNgdemos.demoTestNG" name="method1" time="0.002"/>
  <system-out/>
  <testcase classname="TestNgdemos.demoTestNG" name="method1" time="0.003"/>
  <system-out/>
  <testcase classname="TestNgdemos.demoTestNG" name="method1" time="0.011"/>
  <system-out/>
</testsuite> <!-- TestNgdemos.demoTestNG -->
