<?xml version="1.0" encoding="UTF-8"?>
<!-- Generated by org.testng.reporters.JUnitReportReporter -->
<testsuite hostname="DESKTOP-O653DLE" failures="0" tests="2" name="TestNgdemos.firstDemo" time="0.039" errors="0" timestamp="2022-09-13T15:28:41 IST" skipped="0">
  <testcase classname="TestNgdemos.firstDemo" name="firstMethod" time="0.035"/>
  <system-out/>
  <testcase classname="TestNgdemos.firstDemo" name="firstMethod1" time="0.004"/>
  <system-out/>
</testsuite> <!-- TestNgdemos.firstDemo -->
