<?xml version="1.0" encoding="UTF-8"?>
<!-- Generated by org.testng.reporters.JUnitReportReporter -->
<testsuite hostname="DESKTOP-O653DLE" failures="0" tests="3" name="TestNgdemos.ignoreTestDemo" time="0.021" errors="0" timestamp="2023-03-01T21:13:33 IST" skipped="1">
  <testcase classname="TestNgdemos.ignoreTestDemo" name="method3" time="0.001"/>
  <system-out/>
  <testcase classname="TestNgdemos.ignoreTestDemo" name="method2" time="0.020"/>
  <system-out/>
  <testcase classname="TestNgdemos.ignoreTestDemo" name="method1">
    <skipped/>
  </testcase> <!-- method1 -->
  <system-out/>
</testsuite> <!-- TestNgdemos.ignoreTestDemo -->
