<?xml version="1.0" encoding="UTF-8"?>
<!-- Generated by org.testng.reporters.JUnitReportReporter -->
<testsuite hostname="DESKTOP-O653DLE" failures="0" tests="12" name="soundarya_package.demoClass" time="0.052" errors="0" timestamp="2022-12-06T19:39:09 IST" skipped="0">
  <testcase classname="soundarya_package.demoClass" name="Method2" time="0.003"/>
  <system-out/>
  <testcase classname="soundarya_package.demoClass" name="Method2" time="0.005"/>
  <system-out/>
  <testcase classname="soundarya_package.demoClass" name="Method2" time="0.001"/>
  <system-out/>
  <testcase classname="soundarya_package.demoClass" name="Method3" time="0.004"/>
  <system-out/>
  <testcase classname="soundarya_package.demoClass" name="Method1" time="0.016"/>
  <system-out/>
  <testcase classname="soundarya_package.demoClass" name="Method2" time="0.002"/>
  <system-out/>
  <testcase classname="soundarya_package.demoClass" name="Method2" time="0.006"/>
  <system-out/>
  <testcase classname="soundarya_package.demoClass" name="Method2" time="0.002"/>
  <system-out/>
  <testcase classname="soundarya_package.demoClass" name="Method2" time="0.004"/>
  <system-out/>
  <testcase classname="soundarya_package.demoClass" name="Method2" time="0.003"/>
  <system-out/>
  <testcase classname="soundarya_package.demoClass" name="Method2" time="0.002"/>
  <system-out/>
  <testcase classname="soundarya_package.demoClass" name="Method2" time="0.004"/>
  <system-out/>
</testsuite> <!-- soundarya_package.demoClass -->
