<?xml version="1.0" encoding="UTF-8"?>
<!-- Generated by org.testng.reporters.JUnitReportReporter -->
<testsuite hostname="DESKTOP-O653DLE" failures="0" tests="8" name="TestNgdemos.TestPriority" time="0.031" errors="0" timestamp="2023-02-14T11:40:49 IST" skipped="0">
  <testcase classname="TestNgdemos.TestPriority" name="AdminTestCase" time="0.015"/>
  <system-out/>
  <testcase classname="TestNgdemos.TestPriority" name="TestCaseEight" time="0.002"/>
  <system-out/>
  <testcase classname="TestNgdemos.TestPriority" name="TestCaseSeven" time="0.002"/>
  <system-out/>
  <testcase classname="TestNgdemos.TestPriority" name="TestCaseSelenium" time="0.003"/>
  <system-out/>
  <testcase classname="TestNgdemos.TestPriority" name="TestCaseFour" time="0.004"/>
  <system-out/>
  <testcase classname="TestNgdemos.TestPriority" name="TestCaseFive" time="0.003"/>
  <system-out/>
  <testcase classname="TestNgdemos.TestPriority" name="TestCaseThree" time="0.001"/>
  <system-out/>
  <testcase classname="TestNgdemos.TestPriority" name="TestCaseTwo" time="0.001"/>
  <system-out/>
</testsuite> <!-- TestNgdemos.TestPriority -->
