<?xml version="1.0" encoding="UTF-8"?>
<!-- Generated by org.testng.reporters.JUnitReportReporter -->
<testsuite hostname="DESKTOP-O653DLE" failures="0" tests="1" name="TestNgdemos.TestNG_GroupDemo" time="0.013" errors="0" timestamp="2023-02-14T11:55:19 IST" skipped="0">
  <testcase classname="TestNgdemos.TestNG_GroupDemo" name="testGroup_jyothi" time="0.013"/>
  <system-out/>
</testsuite> <!-- TestNgdemos.TestNG_GroupDemo -->
