<?xml version="1.0" encoding="UTF-8"?>
<!-- Generated by org.testng.reporters.JUnitReportReporter -->
<testsuite hostname="DESKTOP-O653DLE" failures="0" tests="5" name="selenium_demos.screenshotDemo" time="114.401" errors="0" timestamp="2022-11-25T11:00:08 IST" skipped="0">
  <testcase classname="selenium_demos.screenshotDemo" name="ScreenshotDemo" time="18.957"/>
  <system-out/>
  <testcase classname="selenium_demos.screenshotDemo" name="ScreenshotDemo" time="21.693"/>
  <system-out/>
  <testcase classname="selenium_demos.screenshotDemo" name="ScreenshotDemo" time="31.051"/>
  <system-out/>
  <testcase classname="selenium_demos.screenshotDemo" name="ScreenshotDemo" time="25.096"/>
  <system-out/>
  <testcase classname="selenium_demos.screenshotDemo" name="ScreenshotDemo" time="17.604"/>
  <system-out/>
</testsuite> <!-- selenium_demos.screenshotDemo -->
