<?xml version="1.0" encoding="UTF-8"?>
<!-- Generated by org.testng.reporters.JUnitReportReporter -->
<testsuite hostname="DESKTOP-O653DLE" failures="0" tests="3" name="TestNgdemos.TestngAnnot1" time="0.028" errors="0" timestamp="2022-10-26T20:51:33 IST" skipped="0">
  <testcase classname="TestNgdemos.TestngAnnot1" name="testCase1" time="0.009"/>
  <system-out/>
  <testcase classname="TestNgdemos.TestngAnnot1" name="Testcase4" time="0.015"/>
  <system-out/>
  <testcase classname="TestNgdemos.TestngAnnot1" name="testCase5" time="0.004"/>
  <system-out/>
</testsuite> <!-- TestNgdemos.TestngAnnot1 -->
