<?xml version="1.0" encoding="UTF-8"?>
<!-- Generated by org.testng.reporters.JUnitReportReporter -->
<testsuite hostname="DESKTOP-O653DLE" failures="0" tests="4" name="TestNgdemos.Testclass" time="0.017" errors="0" timestamp="2023-02-13T12:37:41 IST" skipped="2">
  <testcase classname="TestNgdemos.Testclass" name="method4" time="0.003"/>
  <system-out/>
  <testcase classname="TestNgdemos.Testclass" name="method1" time="0.014"/>
  <system-out/>
  <testcase classname="TestNgdemos.Testclass" name="method2">
    <skipped/>
  </testcase> <!-- method2 -->
  <system-out/>
  <testcase classname="TestNgdemos.Testclass" name="method3">
    <skipped/>
  </testcase> <!-- method3 -->
  <system-out/>
</testsuite> <!-- TestNgdemos.Testclass -->
