<?xml version="1.0" encoding="UTF-8"?>
<!-- Generated by org.testng.reporters.JUnitReportReporter -->
<testsuite hostname="DESKTOP-O653DLE" failures="0" tests="4" name="TestNgdemos.TestngwithRGX" time="0.074" errors="0" timestamp="2023-02-02T22:34:44 IST" skipped="0">
  <testcase classname="TestNgdemos.TestngwithRGX" name="Method_Three" time="0.054"/>
  <system-out/>
  <testcase classname="TestNgdemos.TestngwithRGX" name="Method_four" time="0.004"/>
  <system-out/>
  <testcase classname="TestNgdemos.TestngwithRGX" name="Method_two" time="0.012"/>
  <system-out/>
  <testcase classname="TestNgdemos.TestngwithRGX" name="Method_one" time="0.004"/>
  <system-out/>
</testsuite> <!-- TestNgdemos.TestngwithRGX -->
