<?xml version="1.0" encoding="UTF-8"?>
<!-- Generated by org.testng.reporters.JUnitReportReporter -->
<testsuite hostname="DESKTOP-O653DLE" failures="0" tests="1" name="VISHNU_TASKS.ReadTextFile" time="0.018" errors="0" timestamp="2023-02-16T15:38:38 IST" skipped="0">
  <testcase classname="VISHNU_TASKS.ReadTextFile" name="VeriftBranchCode" time="0.018"/>
  <system-out/>
</testsuite> <!-- VISHNU_TASKS.ReadTextFile -->
