<?xml version="1.0" encoding="UTF-8"?>
<!-- Generated by org.testng.reporters.JUnitReportReporter -->
<testsuite hostname="DESKTOP-O653DLE" failures="0" tests="1" name="wyndhan.wyndhan_signup_testcase" time="47.927" errors="0" timestamp="2023-01-13T18:36:18 IST" skipped="0">
  <testcase classname="wyndhan.wyndhan_signup_testcase" name="signup" time="47.927"/>
  <system-out/>
</testsuite> <!-- wyndhan.wyndhan_signup_testcase -->
