<?xml version="1.0" encoding="UTF-8"?>
<!-- Generated by org.testng.reporters.JUnitReportReporter -->
<testsuite hostname="DESKTOP-O653DLE" failures="0" tests="3" name="TestNgdemos.dataProvderDemo" time="64.634" errors="0" timestamp="2023-02-14T10:16:48 IST" skipped="0">
  <testcase classname="TestNgdemos.dataProvderDemo" name="search" time="21.046"/>
  <system-out/>
  <testcase classname="TestNgdemos.dataProvderDemo" name="search" time="27.714"/>
  <system-out/>
  <testcase classname="TestNgdemos.dataProvderDemo" name="search" time="15.874"/>
  <system-out/>
</testsuite> <!-- TestNgdemos.dataProvderDemo -->
