<?xml version="1.0" encoding="UTF-8"?>
<!-- Generated by org.testng.reporters.JUnitReportReporter -->
<testsuite hostname="yoganand" failures="0" tests="1" name="selenium_demos.firefoxTest" time="9.012" errors="0" timestamp="2022-08-16T20:02:34 IST" skipped="0">
  <testcase classname="selenium_demos.firefoxTest" name="FirefoxTestMethod" time="9.012"/>
  <system-out/>
</testsuite> <!-- selenium_demos.firefoxTest -->
