<?xml version="1.0" encoding="UTF-8"?>
<!-- Generated by org.testng.reporters.JUnitReportReporter -->
<testsuite hostname="DESKTOP-O653DLE" failures="0" tests="1" name="HRM_Demos.login_HRM" time="39.880" errors="0" timestamp="2023-03-14T13:33:24 IST" skipped="0">
  <testcase classname="HRM_Demos.login_HRM" name="LoginHRM" time="39.880"/>
  <system-out/>
</testsuite> <!-- HRM_Demos.login_HRM -->
