<?xml version="1.0" encoding="UTF-8"?>
<!-- Generated by org.testng.reporters.JUnitReportReporter -->
<testsuite hostname="DESKTOP-O653DLE" failures="0" tests="3" name="TestNgdemos.loginDependent" time="0.035" errors="0" timestamp="2023-02-14T12:00:45 IST" skipped="0">
  <testcase classname="TestNgdemos.loginDependent" name="registration" time="0.012"/>
  <system-out/>
  <testcase classname="TestNgdemos.loginDependent" name="login" time="0.019"/>
  <system-out/>
  <testcase classname="TestNgdemos.loginDependent" name="home" time="0.004"/>
  <system-out/>
</testsuite> <!-- TestNgdemos.loginDependent -->
