<?xml version="1.0" encoding="UTF-8"?>
<!-- Generated by org.testng.reporters.JUnitReportReporter -->
<testsuite hostname="PureBook-S14" failures="0" tests="3" name="TestNgdemos.testngAnnotations" time="0.019" errors="0" timestamp="2023-05-11T10:51:44 IST" skipped="0">
  <testcase classname="TestNgdemos.testngAnnotations" name="method1" time="0.017"/>
  <system-out/>
  <testcase classname="TestNgdemos.testngAnnotations" name="method2" time="0.001"/>
  <system-out/>
  <testcase classname="TestNgdemos.testngAnnotations" name="method3" time="0.001"/>
  <system-out/>
</testsuite> <!-- TestNgdemos.testngAnnotations -->
