<?xml version="1.0" encoding="UTF-8"?>
<!-- Generated by org.testng.reporters.JUnitReportReporter -->
<testsuite hostname="yoganand" failures="0" tests="1" name="Alekyapractise.AmazonScenario" time="51.944" errors="0" timestamp="2022-08-21T13:24:58 IST" skipped="0">
  <testcase classname="Alekyapractise.AmazonScenario" name="SearchProduct" time="51.944"/>
  <system-out/>
</testsuite> <!-- Alekyapractise.AmazonScenario -->
